<html>
<head>
<title>TestNG:  test20</title>
<link href="../testng.css" rel="stylesheet" type="text/css" />
<link href="../my-testng.css" rel="stylesheet" type="text/css" />

<style type="text/css">
.log { display: none;} 
.stack-trace { display: none;} 
</style>
<script type="text/javascript">
<!--
function flip(e) {
  current = e.style.display;
  if (current == 'block') {
    e.style.display = 'none';
    return 0;
  }
  else {
    e.style.display = 'block';
    return 1;
  }
}

function toggleBox(szDivId, elem, msg1, msg2)
{
  var res = -1;  if (document.getElementById) {
    res = flip(document.getElementById(szDivId));
  }
  else if (document.all) {
    // this is the way old msie versions work
    res = flip(document.all[szDivId]);
  }
  if(elem) {
    if(res == 0) elem.innerHTML = msg1; else elem.innerHTML = msg2;
  }

}

function toggleAllBoxes() {
  if (document.getElementsByTagName) {
    d = document.getElementsByTagName('div');
    for (i = 0; i < d.length; i++) {
      if (d[i].className == 'log') {
        flip(d[i]);
      }
    }
  }
}

// -->
</script>

</head>
<body>
<h2 align='center'>test20</h2><table border='1' align="center">
<tr>
<td>Tests passed/Failed/Skipped:</td><td>17/3/0</td>
</tr><tr>
<td>Started on:</td><td>Wed Nov 10 12:27:24 EST 2021</td>
</tr>
<tr><td>Total time:</td><td>3725 seconds (3725949 ms)</td>
</tr><tr>
<td>Included groups:</td><td></td>
</tr><tr>
<td>Excluded groups:</td><td></td>
</tr>
</table><p/>
<small><i>(Hover the method name to see the test class name)</i></small><p/>
<table width='100%' border='1' class='invocation-failed'>
<tr><td colspan='4' align='center'><b>FAILED TESTS</b></td></tr>
<tr><td><b>Test method</b></td>
<td width="30%"><b>Exception</b></td>
<td width="10%"><b>Time (seconds)</b></td>
<td><b>Instance</b></td>
</tr>
<tr>
<td title='runner.Runner1.runScenario()'><b>runScenario</b><br>Test class: runner.Runner1<br>Test method: Runs Cucumber Scenarios<br>Parameters: "Other Module", "Visual Cases"</td>
<td><div><pre>org.openqa.selenium.WebDriverException: Java heap space
Build info: version: &apos;3.141.59&apos;, revision: &apos;e82be7d358&apos;, time: &apos;2018-11-14T08:17:03&apos;
System info: host: &apos;DCAP-WEB-UTINO1&apos;, ip: &apos;192.168.56.1&apos;, os.name: &apos;Windows Server 2012 R2&apos;, os.arch: &apos;amd64&apos;, os.version: &apos;6.3&apos;, java.version: &apos;1.8.0_261&apos;
Driver info: org.openqa.selenium.remote.RemoteWebDriver
Capabilities {acceptInsecureCerts: true, browserName: chrome, browserVersion: 95.0.4638.54, chrome: {chromedriverVersion: 95.0.4638.17 (a9d0719444d4b..., userDataDir: C:\Windows\proxy\scoped_dir...}, goog:chromeOptions: {debuggerAddress: localhost:4122}, javascriptEnabled: true, networkConnectionEnabled: false, pageLoadStrategy: normal, platform: WINDOWS, platformName: WINDOWS, proxy: Proxy(), setWindowRect: true, strictFileInteractability: false, timeouts: {implicit: 0, pageLoad: 300000, script: 30000}, unhandledPromptBehavior: dismiss and notify, webauthn:extension:credBlob: true, webauthn:extension:largeBlob: true, webauthn:virtualAuthenticators: true, webdriver.remote.sessionid: 20b1e8dcb8f2d7860113a3df7cd...}
Session ID: 20b1e8dcb8f2d7860113a3df7cd05479168c2863
	at sun.reflect.GeneratedConstructorAccessor72.newInstance(Unknown Source)
	at sun.reflect.DelegatingConstructorAccessorImpl.newInstance(Unknown Source)
	at java.lang.reflect.Constructor.newInstance(Unknown Source)
	at org.openqa.selenium.remote.http.W3CHttpResponseCodec.createException(W3CHttpResponseCodec.java:187)
	at org.openqa.selenium.remote.http.W3CHttpResponseCodec.decode(W3CHttpResponseCodec.java:122)
	at org.openqa.selenium.remote.http.W3CHttpResponseCodec.decode(W3CHttpResponseCodec.java:49)
	at org.openqa.selenium.remote.HttpCommandExecutor.execute(HttpCommandExecutor.java:158)
	at org.openqa.selenium.remote.RemoteWebDriver.execute(RemoteWebDriver.java:552)
	at org.openqa.selenium.remote.RemoteWebDriver.execute(RemoteWebDriver.java:609)
	at org.openqa.selenium.remote.RemoteWebDriver.getScreenshotAs(RemoteWebDriver.java:295)
	at imageMagick.TestXML.imageCreation(TestXML.java:123)
	at imageMagick.TestXML.visualTest(TestXML.java:50)
	at stepDefinitions.Steps.click_on_following_all_solutions_options(Steps.java:330)
	at ?.click on following all solutions options(file:FeatureFiles/VisualCases.feature:221)
</pre></div><a href='#' onClick='toggleBox("stack-trace1179730654", this, "Click to show all stack frames", "Click to hide stack frames")'>Click to show all stack frames</a>
<div class='stack-trace' id='stack-trace1179730654'><pre>org.openqa.selenium.WebDriverException: Java heap space
Build info: version: &apos;3.141.59&apos;, revision: &apos;e82be7d358&apos;, time: &apos;2018-11-14T08:17:03&apos;
System info: host: &apos;DCAP-WEB-UTINO1&apos;, ip: &apos;192.168.56.1&apos;, os.name: &apos;Windows Server 2012 R2&apos;, os.arch: &apos;amd64&apos;, os.version: &apos;6.3&apos;, java.version: &apos;1.8.0_261&apos;
Driver info: org.openqa.selenium.remote.RemoteWebDriver
Capabilities {acceptInsecureCerts: true, browserName: chrome, browserVersion: 95.0.4638.54, chrome: {chromedriverVersion: 95.0.4638.17 (a9d0719444d4b..., userDataDir: C:\Windows\proxy\scoped_dir...}, goog:chromeOptions: {debuggerAddress: localhost:4122}, javascriptEnabled: true, networkConnectionEnabled: false, pageLoadStrategy: normal, platform: WINDOWS, platformName: WINDOWS, proxy: Proxy(), setWindowRect: true, strictFileInteractability: false, timeouts: {implicit: 0, pageLoad: 300000, script: 30000}, unhandledPromptBehavior: dismiss and notify, webauthn:extension:credBlob: true, webauthn:extension:largeBlob: true, webauthn:virtualAuthenticators: true, webdriver.remote.sessionid: 20b1e8dcb8f2d7860113a3df7cd...}
Session ID: 20b1e8dcb8f2d7860113a3df7cd05479168c2863
	at sun.reflect.GeneratedConstructorAccessor72.newInstance(Unknown Source)
	at sun.reflect.DelegatingConstructorAccessorImpl.newInstance(Unknown Source)
	at java.lang.reflect.Constructor.newInstance(Unknown Source)
	at org.openqa.selenium.remote.http.W3CHttpResponseCodec.createException(W3CHttpResponseCodec.java:187)
	at org.openqa.selenium.remote.http.W3CHttpResponseCodec.decode(W3CHttpResponseCodec.java:122)
	at org.openqa.selenium.remote.http.W3CHttpResponseCodec.decode(W3CHttpResponseCodec.java:49)
	at org.openqa.selenium.remote.HttpCommandExecutor.execute(HttpCommandExecutor.java:158)
	at org.openqa.selenium.remote.RemoteWebDriver.execute(RemoteWebDriver.java:552)
	at org.openqa.selenium.remote.RemoteWebDriver.execute(RemoteWebDriver.java:609)
	at org.openqa.selenium.remote.RemoteWebDriver.getScreenshotAs(RemoteWebDriver.java:295)
	at imageMagick.TestXML.imageCreation(TestXML.java:123)
	at imageMagick.TestXML.visualTest(TestXML.java:50)
	at stepDefinitions.Steps.click_on_following_all_solutions_options(Steps.java:330)
	at ?.click on following all solutions options(file:FeatureFiles/VisualCases.feature:221)
</pre></div></td>
<td>252</td>
<td>runner.Runner1@4bff64c2</td></tr>
<tr>
<td title='runner.Runner1.runScenario()'><b>runScenario</b><br>Test class: runner.Runner1<br>Test method: Runs Cucumber Scenarios<br>Parameters: "About Exela", "Visual Cases"</td>
<td><div><pre>java.io.IOException: Cannot create a file when that file already exists
	at java.io.WinNTFileSystem.canonicalize0(Native Method)
	at java.io.WinNTFileSystem.canonicalize(Unknown Source)
	at java.io.File.getCanonicalPath(Unknown Source)
	at org.apache.commons.io.FileUtils.copyFile(FileUtils.java:1064)
	at org.apache.commons.io.FileUtils.copyFile(FileUtils.java:1028)
	at imageMagick.TestXML.imageCreation(TestXML.java:124)
	at imageMagick.TestXML.visualTest(TestXML.java:50)
	at stepDefinitions.Steps.click_on_latest_blogs_and_capture_it(Steps.java:429)
	at ?.click on latest blogs and capture it(file:FeatureFiles/VisualCases.feature:317)
</pre></div><a href='#' onClick='toggleBox("stack-trace458153955", this, "Click to show all stack frames", "Click to hide stack frames")'>Click to show all stack frames</a>
<div class='stack-trace' id='stack-trace458153955'><pre>java.io.IOException: Cannot create a file when that file already exists
	at java.io.WinNTFileSystem.canonicalize0(Native Method)
	at java.io.WinNTFileSystem.canonicalize(Unknown Source)
	at java.io.File.getCanonicalPath(Unknown Source)
	at org.apache.commons.io.FileUtils.copyFile(FileUtils.java:1064)
	at org.apache.commons.io.FileUtils.copyFile(FileUtils.java:1028)
	at imageMagick.TestXML.imageCreation(TestXML.java:124)
	at imageMagick.TestXML.visualTest(TestXML.java:50)
	at stepDefinitions.Steps.click_on_latest_blogs_and_capture_it(Steps.java:429)
	at ?.click on latest blogs and capture it(file:FeatureFiles/VisualCases.feature:317)
</pre></div></td>
<td>363</td>
<td>runner.Runner1@4bff64c2</td></tr>
<tr>
<td title='runner.Runner1.runScenario()'><b>runScenario</b><br>Test class: runner.Runner1<br>Test method: Runs Cucumber Scenarios<br>Parameters: "Discover", "Visual Cases"</td>
<td><div><pre>org.openqa.selenium.TimeoutException: Expected condition failed: waiting for element to be clickable: Proxy element for: DefaultElementLocator &apos;By.xpath: //button[text()=&apos;Accept All Cookies&apos;]&apos; (tried for 30 second(s) with 500 milliseconds interval)
	at org.openqa.selenium.support.ui.WebDriverWait.timeoutException(WebDriverWait.java:95)
	at org.openqa.selenium.support.ui.FluentWait.until(FluentWait.java:272)
	at framework.Waits.waitUntilElementToClick(Waits.java:61)
	at stepDefinitions.Steps.navigate_to_given_URL(Steps.java:200)
	at ?.navigate to given URL &quot;https://www.exelatech.com/&quot;(file:FeatureFiles/VisualCases.feature:355)
Caused by: org.openqa.selenium.NoSuchElementException: no such element: Unable to locate element: {&quot;method&quot;:&quot;xpath&quot;,&quot;selector&quot;:&quot;//button[text()=&apos;Accept All Cookies&apos;]&quot;}
  (Session info: chrome=95.0.4638.54)
For documentation on this error, please visit: https://www.seleniumhq.org/exceptions/no_such_element.html
Build info: version: &apos;3.141.59&apos;, revision: &apos;e82be7d358&apos;, time: &apos;2018-11-14T08:17:03&apos;
System info: host: &apos;DCAP-WEB-UTINO1&apos;, ip: &apos;192.168.56.1&apos;, os.name: &apos;Windows Server 2012 R2&apos;, os.arch: &apos;amd64&apos;, os.version: &apos;6.3&apos;, java.version: &apos;1.8.0_261&apos;
Driver info: org.openqa.selenium.remote.RemoteWebDriver
Capabilities {acceptInsecureCerts: true, browserName: chrome, browserVersion: 95.0.4638.54, chrome: {chromedriverVersion: 95.0.4638.17 (a9d0719444d4b..., userDataDir: C:\Windows\proxy\scoped_dir...}, goog:chromeOptions: {debuggerAddress: localhost:4495}, javascriptEnabled: true, networkConnectionEnabled: false, pageLoadStrategy: normal, platform: WINDOWS, platformName: WINDOWS, proxy: Proxy(), setWindowRect: true, strictFileInteractability: false, timeouts: {implicit: 0, pageLoad: 300000, script: 30000}, unhandledPromptBehavior: dismiss and notify, webauthn:extension:credBlob: true, webauthn:extension:largeBlob: true, webauthn:virtualAuthenticators: true, webdriver.remote.sessionid: b92f4b525f51ee7c990b7b812b8...}
Session ID: b92f4b525f51ee7c990b7b812b847b21a06d3511
*** Element info: {Using=xpath, value=//button[text()=&apos;Accept All Cookies&apos;]}
	at sun.reflect.GeneratedConstructorAccessor61.newInstance(Unknown Source)
	at sun.reflect.DelegatingConstructorAccessorImpl.newInstance(Unknown Source)
	at java.lang.reflect.Constructor.newInstance(Unknown Source)
	at org.openqa.selenium.remote.http.W3CHttpResponseCodec.createException(W3CHttpResponseCodec.java:187)
	at org.openqa.selenium.remote.http.W3CHttpResponseCodec.decode(W3CHttpResponseCodec.java:122)
	at org.openqa.selenium.remote.http.W3CHttpResponseCodec.decode(W3CHttpResponseCodec.java:49)
	at org.openqa.selenium.remote.HttpCommandExecutor.execute(HttpCommandExecutor.java:158)
	at org.openqa.selenium.remote.RemoteWebDriver.execute(RemoteWebDriver.java:552)
	at org.openqa.selenium.remote.RemoteWebDriver.findElement(RemoteWebDriver.java:323)
	at org.openqa.selenium.remote.RemoteWebDriver.findElementByXPath(RemoteWebDriver.java:428)
	at org.openqa.selenium.By$ByXPath.findElement(By.java:353)
	at org.openqa.selenium.remote.RemoteWebDriver.findElement(RemoteWebDriver.java:315)
	at org.openqa.selenium.support.pagefactory.DefaultElementLocator.findElement(DefaultElementLocator.java:69)
	at org.openqa.selenium.support.pagefactory.internal.LocatingElementHandler.invoke(LocatingElementHandler.java:38)
	at com.sun.proxy.$Proxy30.isDisplayed(Unknown Source)
	at org.openqa.selenium.support.ui.ExpectedConditions.elementIfVisible(ExpectedConditions.java:314)
	at org.openqa.selenium.support.ui.ExpectedConditions.access$000(ExpectedConditions.java:43)
	at org.openqa.selenium.support.ui.ExpectedConditions$10.apply(ExpectedConditions.java:300)
	at org.openqa.selenium.support.ui.ExpectedConditions$10.apply(ExpectedConditions.java:297)
	at org.openqa.selenium.support.ui.ExpectedConditions$23.apply(ExpectedConditions.java:670)
	at org.openqa.selenium.support.ui.ExpectedConditions$23.apply(ExpectedConditions.java:666)
	at org.openqa.selenium.support.ui.FluentWait.until(FluentWait.java:249)
	at framework.Waits.waitUntilElementToClick(Waits.java:61)
	at stepDefinitions.Steps.navigate_to_given_URL(Steps.java:200)
	at sun.reflect.GeneratedMethodAccessor196.invoke(Unknown Source)
	at sun.reflect.DelegatingMethodAccessorImpl.invoke(Unknown Source)
	at java.lang.reflect.Method.invoke(Unknown Source)
	at cucumber.runtime.Utils$1.call(Utils.java:26)
	at cucumber.runtime.Timeout.timeout(Timeout.java:16)
	at cucumber.runtime.Utils.invoke(Utils.java:20)
	at cucumber.runtime.java.JavaStepDefinition.execute(JavaStepDefinition.java:57)
	at cucumber.runner.PickleStepDefinitionMatch.runStep(PickleStepDefinitionMatch.java:50)
	at cucumber.runner.TestStep.executeStep(TestStep.java:65)
	at cucumber.runner.TestStep.run(TestStep.java:50)
	at cucumber.runner.PickleStepTestStep.run(PickleStepTestStep.java:43)
	at cucumber.runner.TestCase.run(TestCase.java:46)
	at cucumber.runner.Runner.runPickle(Runner.java:50)
	at io.cucumber.testng.TestNGCucumberRunner.runScenario(TestNGCucumberRunner.java:79)
	at io.cucumber.testng.AbstractTestNGCucumberTests.runScenario(AbstractTestNGCucumberTests.java:24)
	at sun.reflect.GeneratedMethodAccessor25.invoke(Unknown Source)
	at sun.reflect.DelegatingMethodAccessorImpl.invoke(Unknown Source)
	at java.lang.reflect.Method.invoke(Unknown Source)
	at org.testng.internal.MethodInvocationHelper.invokeMethod(MethodInvocationHelper.java:124)
	at org.testng.internal.Invoker.invokeMethod(Invoker.java:583)
	at org.testng.internal.Invoker.invokeTestMethod(Invoker.java:719)
	at org.testng.internal.Invoker.invokeTestMethods(Invoker.java:989)
	at org.testng.internal.TestMethodWorker.invokeTestMethods(TestMethodWorker.java:125)
	at org.testng.internal.TestMethodWorker.run(TestMethodWorker.java:109)
	at org.testng.TestRunner.privateRun(TestRunner.java:648)
	at org.testng.TestRunner.run(TestRunner.java:505)
	at org.testng.SuiteRunner.runTest(SuiteRunner.java:455)
	at org.testng.SuiteRunner.access$000(SuiteRunner.java:40)
	at org.testng.SuiteRunner$SuiteWorker.run(SuiteRunner.java:489)
	at org.testng.internal.thread.ThreadUtil$1.call(ThreadUtil.java:52)
	at java.util.concurrent.FutureTask.run(Unknown Source)
	at java.util.concurrent.ThreadPoolExecutor.runWorker(Unknown Source)
	at java.util.concurrent.ThreadPoolExecutor$Worker.run(Unknown Source)
	at java.lang.Thread.run(Unknown Source)
</pre></div><a href='#' onClick='toggleBox("stack-trace1926536067", this, "Click to show all stack frames", "Click to hide stack frames")'>Click to show all stack frames</a>
<div class='stack-trace' id='stack-trace1926536067'><pre>org.openqa.selenium.TimeoutException: Expected condition failed: waiting for element to be clickable: Proxy element for: DefaultElementLocator &apos;By.xpath: //button[text()=&apos;Accept All Cookies&apos;]&apos; (tried for 30 second(s) with 500 milliseconds interval)
	at org.openqa.selenium.support.ui.WebDriverWait.timeoutException(WebDriverWait.java:95)
	at org.openqa.selenium.support.ui.FluentWait.until(FluentWait.java:272)
	at framework.Waits.waitUntilElementToClick(Waits.java:61)
	at stepDefinitions.Steps.navigate_to_given_URL(Steps.java:200)
	at ?.navigate to given URL &quot;https://www.exelatech.com/&quot;(file:FeatureFiles/VisualCases.feature:355)
Caused by: org.openqa.selenium.NoSuchElementException: no such element: Unable to locate element: {&quot;method&quot;:&quot;xpath&quot;,&quot;selector&quot;:&quot;//button[text()=&apos;Accept All Cookies&apos;]&quot;}
  (Session info: chrome=95.0.4638.54)
For documentation on this error, please visit: https://www.seleniumhq.org/exceptions/no_such_element.html
Build info: version: &apos;3.141.59&apos;, revision: &apos;e82be7d358&apos;, time: &apos;2018-11-14T08:17:03&apos;
System info: host: &apos;DCAP-WEB-UTINO1&apos;, ip: &apos;192.168.56.1&apos;, os.name: &apos;Windows Server 2012 R2&apos;, os.arch: &apos;amd64&apos;, os.version: &apos;6.3&apos;, java.version: &apos;1.8.0_261&apos;
Driver info: org.openqa.selenium.remote.RemoteWebDriver
Capabilities {acceptInsecureCerts: true, browserName: chrome, browserVersion: 95.0.4638.54, chrome: {chromedriverVersion: 95.0.4638.17 (a9d0719444d4b..., userDataDir: C:\Windows\proxy\scoped_dir...}, goog:chromeOptions: {debuggerAddress: localhost:4495}, javascriptEnabled: true, networkConnectionEnabled: false, pageLoadStrategy: normal, platform: WINDOWS, platformName: WINDOWS, proxy: Proxy(), setWindowRect: true, strictFileInteractability: false, timeouts: {implicit: 0, pageLoad: 300000, script: 30000}, unhandledPromptBehavior: dismiss and notify, webauthn:extension:credBlob: true, webauthn:extension:largeBlob: true, webauthn:virtualAuthenticators: true, webdriver.remote.sessionid: b92f4b525f51ee7c990b7b812b8...}
Session ID: b92f4b525f51ee7c990b7b812b847b21a06d3511
*** Element info: {Using=xpath, value=//button[text()=&apos;Accept All Cookies&apos;]}
	at sun.reflect.GeneratedConstructorAccessor61.newInstance(Unknown Source)
	at sun.reflect.DelegatingConstructorAccessorImpl.newInstance(Unknown Source)
	at java.lang.reflect.Constructor.newInstance(Unknown Source)
	at org.openqa.selenium.remote.http.W3CHttpResponseCodec.createException(W3CHttpResponseCodec.java:187)
	at org.openqa.selenium.remote.http.W3CHttpResponseCodec.decode(W3CHttpResponseCodec.java:122)
	at org.openqa.selenium.remote.http.W3CHttpResponseCodec.decode(W3CHttpResponseCodec.java:49)
	at org.openqa.selenium.remote.HttpCommandExecutor.execute(HttpCommandExecutor.java:158)
	at org.openqa.selenium.remote.RemoteWebDriver.execute(RemoteWebDriver.java:552)
	at org.openqa.selenium.remote.RemoteWebDriver.findElement(RemoteWebDriver.java:323)
	at org.openqa.selenium.remote.RemoteWebDriver.findElementByXPath(RemoteWebDriver.java:428)
	at org.openqa.selenium.By$ByXPath.findElement(By.java:353)
	at org.openqa.selenium.remote.RemoteWebDriver.findElement(RemoteWebDriver.java:315)
	at org.openqa.selenium.support.pagefactory.DefaultElementLocator.findElement(DefaultElementLocator.java:69)
	at org.openqa.selenium.support.pagefactory.internal.LocatingElementHandler.invoke(LocatingElementHandler.java:38)
	at com.sun.proxy.$Proxy30.isDisplayed(Unknown Source)
	at org.openqa.selenium.support.ui.ExpectedConditions.elementIfVisible(ExpectedConditions.java:314)
	at org.openqa.selenium.support.ui.ExpectedConditions.access$000(ExpectedConditions.java:43)
	at org.openqa.selenium.support.ui.ExpectedConditions$10.apply(ExpectedConditions.java:300)
	at org.openqa.selenium.support.ui.ExpectedConditions$10.apply(ExpectedConditions.java:297)
	at org.openqa.selenium.support.ui.ExpectedConditions$23.apply(ExpectedConditions.java:670)
	at org.openqa.selenium.support.ui.ExpectedConditions$23.apply(ExpectedConditions.java:666)
	at org.openqa.selenium.support.ui.FluentWait.until(FluentWait.java:249)
	at framework.Waits.waitUntilElementToClick(Waits.java:61)
	at stepDefinitions.Steps.navigate_to_given_URL(Steps.java:200)
	at sun.reflect.GeneratedMethodAccessor196.invoke(Unknown Source)
	at sun.reflect.DelegatingMethodAccessorImpl.invoke(Unknown Source)
	at java.lang.reflect.Method.invoke(Unknown Source)
	at cucumber.runtime.Utils$1.call(Utils.java:26)
	at cucumber.runtime.Timeout.timeout(Timeout.java:16)
	at cucumber.runtime.Utils.invoke(Utils.java:20)
	at cucumber.runtime.java.JavaStepDefinition.execute(JavaStepDefinition.java:57)
	at cucumber.runner.PickleStepDefinitionMatch.runStep(PickleStepDefinitionMatch.java:50)
	at cucumber.runner.TestStep.executeStep(TestStep.java:65)
	at cucumber.runner.TestStep.run(TestStep.java:50)
	at cucumber.runner.PickleStepTestStep.run(PickleStepTestStep.java:43)
	at cucumber.runner.TestCase.run(TestCase.java:46)
	at cucumber.runner.Runner.runPickle(Runner.java:50)
	at io.cucumber.testng.TestNGCucumberRunner.runScenario(TestNGCucumberRunner.java:79)
	at io.cucumber.testng.AbstractTestNGCucumberTests.runScenario(AbstractTestNGCucumberTests.java:24)
	at sun.reflect.GeneratedMethodAccessor25.invoke(Unknown Source)
	at sun.reflect.DelegatingMethodAccessorImpl.invoke(Unknown Source)
	at java.lang.reflect.Method.invoke(Unknown Source)
	at org.testng.internal.MethodInvocationHelper.invokeMethod(MethodInvocationHelper.java:124)
	at org.testng.internal.Invoker.invokeMethod(Invoker.java:583)
	at org.testng.internal.Invoker.invokeTestMethod(Invoker.java:719)
	at org.testng.internal.Invoker.invokeTestMethods(Invoker.java:989)
	at org.testng.internal.TestMethodWorker.invokeTestMethods(TestMethodWorker.java:125)
	at org.testng.internal.TestMethodWorker.run(TestMethodWorker.java:109)
	at org.testng.TestRunner.privateRun(TestRunner.java:648)
	at org.testng.TestRunner.run(TestRunner.java:505)
	at org.testng.SuiteRunner.runTest(SuiteRunner.java:455)
	at org.testng.SuiteRunner.access$000(SuiteRunner.java:40)
	at org.testng.SuiteRunner$SuiteWorker.run(SuiteRunner.java:489)
	at org.testng.internal.thread.ThreadUtil$1.call(ThreadUtil.java:52)
	at java.util.concurrent.FutureTask.run(Unknown Source)
	at java.util.concurrent.ThreadPoolExecutor.runWorker(Unknown Source)
	at java.util.concurrent.ThreadPoolExecutor$Worker.run(Unknown Source)
	at java.lang.Thread.run(Unknown Source)
</pre></div></td>
<td>158</td>
<td>runner.Runner1@4bff64c2</td></tr>
</table><p>
<table width='100%' border='1' class='invocation-passed'>
<tr><td colspan='4' align='center'><b>PASSED TESTS</b></td></tr>
<tr><td><b>Test method</b></td>
<td width="30%"><b>Exception</b></td>
<td width="10%"><b>Time (seconds)</b></td>
<td><b>Instance</b></td>
</tr>
<tr>
<td title='runner.Runner1.runScenario()'><b>runScenario</b><br>Test class: runner.Runner1<br>Test method: Runs Cucumber Scenarios<br>Parameters: "BANKING AND FINANCIAL SERVICES SUITE", "Visual Cases"</td>
<td></td>
<td>178</td>
<td>runner.Runner1@4bff64c2</td></tr>
<tr>
<td title='runner.Runner1.runScenario()'><b>runScenario</b><br>Test class: runner.Runner1<br>Test method: Runs Cucumber Scenarios<br>Parameters: "Business Intelligence, Information Governance, and Data Management", "Visual Cases"</td>
<td></td>
<td>165</td>
<td>runner.Runner1@4bff64c2</td></tr>
<tr>
<td title='runner.Runner1.runScenario()'><b>runScenario</b><br>Test class: runner.Runner1<br>Test method: Runs Cucumber Scenarios<br>Parameters: "Facilities & Logistics", "Visual Cases"</td>
<td></td>
<td>279</td>
<td>runner.Runner1@4bff64c2</td></tr>
<tr>
<td title='runner.Runner1.runScenario()'><b>runScenario</b><br>Test class: runner.Runner1<br>Test method: Runs Cucumber Scenarios<br>Parameters: "Finance and Accounting Solutions", "Visual Cases"</td>
<td></td>
<td>58</td>
<td>runner.Runner1@4bff64c2</td></tr>
<tr>
<td title='runner.Runner1.runScenario()'><b>runScenario</b><br>Test class: runner.Runner1<br>Test method: Runs Cucumber Scenarios<br>Parameters: "HUMAN RESOURCES", "Visual Cases"</td>
<td></td>
<td>166</td>
<td>runner.Runner1@4bff64c2</td></tr>
<tr>
<td title='runner.Runner1.runScenario()'><b>runScenario</b><br>Test class: runner.Runner1<br>Test method: Runs Cucumber Scenarios<br>Parameters: "BUSINESS SOLUTIONS FOR THE LEGAL INDUSTRY", "Visual Cases"</td>
<td></td>
<td>288</td>
<td>runner.Runner1@4bff64c2</td></tr>
<tr>
<td title='runner.Runner1.runScenario()'><b>runScenario</b><br>Test class: runner.Runner1<br>Test method: Runs Cucumber Scenarios<br>Parameters: "MARKETING SOLUTIONS", "Visual Cases"</td>
<td></td>
<td>295</td>
<td>runner.Runner1@4bff64c2</td></tr>
<tr>
<td title='runner.Runner1.runScenario()'><b>runScenario</b><br>Test class: runner.Runner1<br>Test method: Runs Cucumber Scenarios<br>Parameters: "BACK OFFICE AND OPERATIONS SOLUTIONS", "Visual Cases"</td>
<td></td>
<td>150</td>
<td>runner.Runner1@4bff64c2</td></tr>
<tr>
<td title='runner.Runner1.runScenario()'><b>runScenario</b><br>Test class: runner.Runner1<br>Test method: Runs Cucumber Scenarios<br>Parameters: "Customer Support and Customer Experience Management Services", "Visual Cases"</td>
<td></td>
<td>130</td>
<td>runner.Runner1@4bff64c2</td></tr>
<tr>
<td title='runner.Runner1.runScenario()'><b>runScenario</b><br>Test class: runner.Runner1<br>Test method: Runs Cucumber Scenarios<br>Parameters: "Education", "Visual Cases"</td>
<td></td>
<td>159</td>
<td>runner.Runner1@4bff64c2</td></tr>
<tr>
<td title='runner.Runner1.runScenario()'><b>runScenario</b><br>Test class: runner.Runner1<br>Test method: Runs Cucumber Scenarios<br>Parameters: "Energy & Natural Resources", "Visual Cases"</td>
<td></td>
<td>81</td>
<td>runner.Runner1@4bff64c2</td></tr>
<tr>
<td title='runner.Runner1.runScenario()'><b>runScenario</b><br>Test class: runner.Runner1<br>Test method: Runs Cucumber Scenarios<br>Parameters: "Healthcare", "Visual Cases"</td>
<td></td>
<td>220</td>
<td>runner.Runner1@4bff64c2</td></tr>
<tr>
<td title='runner.Runner1.runScenario()'><b>runScenario</b><br>Test class: runner.Runner1<br>Test method: Runs Cucumber Scenarios<br>Parameters: "High Tech", "Visual Cases"</td>
<td></td>
<td>148</td>
<td>runner.Runner1@4bff64c2</td></tr>
<tr>
<td title='runner.Runner1.runScenario()'><b>runScenario</b><br>Test class: runner.Runner1<br>Test method: Runs Cucumber Scenarios<br>Parameters: "Insurance", "Visual Cases"</td>
<td></td>
<td>154</td>
<td>runner.Runner1@4bff64c2</td></tr>
<tr>
<td title='runner.Runner1.runScenario()'><b>runScenario</b><br>Test class: runner.Runner1<br>Test method: Runs Cucumber Scenarios<br>Parameters: "Other Modules", "Visual Cases"</td>
<td></td>
<td>187</td>
<td>runner.Runner1@4bff64c2</td></tr>
<tr>
<td title='runner.Runner1.runScenario()'><b>runScenario</b><br>Test class: runner.Runner1<br>Test method: Runs Cucumber Scenarios<br>Parameters: "General Scenario", "Visual Cases"</td>
<td></td>
<td>155</td>
<td>runner.Runner1@4bff64c2</td></tr>
<tr>
<td title='runner.Runner1.runScenario()'><b>runScenario</b><br>Test class: runner.Runner1<br>Test method: Runs Cucumber Scenarios<br>Parameters: "Resources", "Visual Cases"</td>
<td></td>
<td>134</td>
<td>runner.Runner1@4bff64c2</td></tr>
</table><p>
</body>
</html>